Heap:
  @0: False()
 @10: True()
 @20: Undefined()
 @30: Environment(size=0)
 @40: EnvFrame(size=6)
 @41: ├─  @50 - Builtin(id=0)
 @42: ├─  @60 - Builtin(id=1)
 @43: ├─  @70 - Builtin(id=2)
 @44: ├─  @80 - Builtin(id=3)
 @45: ├─  @90 - Builtin(id=4)
 @46: └─ @100 - Builtin(id=5)
 @50: Builtin(id=0)
 @60: Builtin(id=1)
 @70: Builtin(id=2)
 @80: Builtin(id=3)
 @90: Builtin(id=4)
@100: Builtin(id=5)
@110: Environment(size=1)
@111: └─  @40 - EnvFrame(size=6)
@120: Blockframe()
@121: └─ @110 - Environment(size=1)
@130: EnvFrame(size=1)
@131: └─ @150 - Closure(arity=0, pc=3)
@140: Environment(size=2)
@141: ├─  @40 - EnvFrame(size=6)
@142: └─ @130 - EnvFrame(size=1)
@150: Closure(arity=0, pc=3)
@151: └─ @140 - Environment(size=2)
@160: Callframe(pc=32)
@161: └─ @140 - Environment(size=2)
@170: EnvFrame(size=0)
@180: Environment(size=3)
@181: ├─  @40 - EnvFrame(size=6)
@182: ├─ @130 - EnvFrame(size=1)
@183: └─ @170 - EnvFrame(size=0)
@190: Blockframe()
@191: └─ @180 - Environment(size=3)
@200: EnvFrame(size=1)
@201: └─ @280 - Number(value=1)
@210: Environment(size=4)
@211: ├─  @40 - EnvFrame(size=6)
@212: ├─ @130 - EnvFrame(size=1)
@213: ├─ @170 - EnvFrame(size=0)
@214: └─ @200 - EnvFrame(size=1)
@220: Number(value=0)
@230: Number(value=15)
@240: Blockframe()
@241: └─ @210 - Environment(size=4)
@250: EnvFrame(size=0)
@260: Environment(size=5)
@261: ├─  @40 - EnvFrame(size=6)
@262: ├─ @130 - EnvFrame(size=1)
@263: ├─ @170 - EnvFrame(size=0)
@264: ├─ @200 - EnvFrame(size=1)
@265: └─ @250 - EnvFrame(size=0)
@270: Number(value=1)
@280: Number(value=1)
Heap:
  @0: False()
 @10: True()
 @20: Undefined()
 @30: Environment(size=0)
 @40: EnvFrame(size=6)
 @41: ├─  @50 - Builtin(id=0)
 @42: ├─  @60 - Builtin(id=1)
 @43: ├─  @70 - Builtin(id=2)
 @44: ├─  @80 - Builtin(id=3)
 @45: ├─  @90 - Builtin(id=4)
 @46: └─ @100 - Builtin(id=5)
 @50: Builtin(id=0)
 @60: Builtin(id=1)
 @70: Builtin(id=2)
 @80: Builtin(id=3)
 @90: Builtin(id=4)
@100: Builtin(id=5)
@110: Environment(size=1)
@111: └─  @40 - EnvFrame(size=6)
@120: Blockframe()
@121: └─ @110 - Environment(size=1)
@130: EnvFrame(size=1)
@131: └─ @150 - Closure(arity=0, pc=3)
@140: Environment(size=2)
@141: ├─  @40 - EnvFrame(size=6)
@142: └─ @130 - EnvFrame(size=1)
@150: Closure(arity=0, pc=3)
@151: └─ @140 - Environment(size=2)
@160: Callframe(pc=32)
@161: └─ @140 - Environment(size=2)
@170: EnvFrame(size=0)
@180: Environment(size=3)
@181: ├─  @40 - EnvFrame(size=6)
@182: ├─ @130 - EnvFrame(size=1)
@183: └─ @170 - EnvFrame(size=0)
@190: Blockframe()
@191: └─ @180 - Environment(size=3)
@200: EnvFrame(size=1)
@201: └─ @340 - Number(value=2)
@210: Environment(size=4)
@211: ├─  @40 - EnvFrame(size=6)
@212: ├─ @130 - EnvFrame(size=1)
@213: ├─ @170 - EnvFrame(size=0)
@214: └─ @200 - EnvFrame(size=1)
@220: Number(value=0)
@230: Number(value=15)
@240: Blockframe()
@241: └─ @210 - Environment(size=4)
@250: EnvFrame(size=0)
@260: Environment(size=5)
@261: ├─  @40 - EnvFrame(size=6)
@262: ├─ @130 - EnvFrame(size=1)
@263: ├─ @170 - EnvFrame(size=0)
@264: ├─ @200 - EnvFrame(size=1)
@265: └─ @250 - EnvFrame(size=0)
@270: Number(value=1)
@280: Number(value=1)
@290: Number(value=15)
@300: Blockframe()
@301: └─ @210 - Environment(size=4)
@310: EnvFrame(size=0)
@320: Environment(size=5)
@321: ├─  @40 - EnvFrame(size=6)
@322: ├─ @130 - EnvFrame(size=1)
@323: ├─ @170 - EnvFrame(size=0)
@324: ├─ @200 - EnvFrame(size=1)
@325: └─ @310 - EnvFrame(size=0)
@330: Number(value=1)
@340: Number(value=2)
Heap:
  @0: False()
 @10: True()
 @20: Undefined()
 @30: Environment(size=0)
 @40: EnvFrame(size=6)
 @41: ├─  @50 - Builtin(id=0)
 @42: ├─  @60 - Builtin(id=1)
 @43: ├─  @70 - Builtin(id=2)
 @44: ├─  @80 - Builtin(id=3)
 @45: ├─  @90 - Builtin(id=4)
 @46: └─ @100 - Builtin(id=5)
 @50: Builtin(id=0)
 @60: Builtin(id=1)
 @70: Builtin(id=2)
 @80: Builtin(id=3)
 @90: Builtin(id=4)
@100: Builtin(id=5)
@110: Environment(size=1)
@111: └─  @40 - EnvFrame(size=6)
@120: Blockframe()
@121: └─ @110 - Environment(size=1)
@130: EnvFrame(size=1)
@131: └─ @150 - Closure(arity=0, pc=3)
@140: Environment(size=2)
@141: ├─  @40 - EnvFrame(size=6)
@142: └─ @130 - EnvFrame(size=1)
@150: Closure(arity=0, pc=3)
@151: └─ @140 - Environment(size=2)
@160: Callframe(pc=32)
@161: └─ @140 - Environment(size=2)
@170: EnvFrame(size=0)
@180: Environment(size=3)
@181: ├─  @40 - EnvFrame(size=6)
@182: ├─ @130 - EnvFrame(size=1)
@183: └─ @170 - EnvFrame(size=0)
@190: Blockframe()
@191: └─ @180 - Environment(size=3)
@200: EnvFrame(size=1)
@201: └─ @400 - Number(value=3)
@210: Environment(size=4)
@211: ├─  @40 - EnvFrame(size=6)
@212: ├─ @130 - EnvFrame(size=1)
@213: ├─ @170 - EnvFrame(size=0)
@214: └─ @200 - EnvFrame(size=1)
@220: Number(value=0)
@230: Number(value=15)
@240: Blockframe()
@241: └─ @210 - Environment(size=4)
@250: EnvFrame(size=0)
@260: Environment(size=5)
@261: ├─  @40 - EnvFrame(size=6)
@262: ├─ @130 - EnvFrame(size=1)
@263: ├─ @170 - EnvFrame(size=0)
@264: ├─ @200 - EnvFrame(size=1)
@265: └─ @250 - EnvFrame(size=0)
@270: Number(value=1)
@280: Number(value=1)
@290: Number(value=15)
@300: Blockframe()
@301: └─ @210 - Environment(size=4)
@310: EnvFrame(size=0)
@320: Environment(size=5)
@321: ├─  @40 - EnvFrame(size=6)
@322: ├─ @130 - EnvFrame(size=1)
@323: ├─ @170 - EnvFrame(size=0)
@324: ├─ @200 - EnvFrame(size=1)
@325: └─ @310 - EnvFrame(size=0)
@330: Number(value=1)
@340: Number(value=2)
@350: Number(value=15)
@360: Blockframe()
@361: └─ @210 - Environment(size=4)
@370: EnvFrame(size=0)
@380: Environment(size=5)
@381: ├─  @40 - EnvFrame(size=6)
@382: ├─ @130 - EnvFrame(size=1)
@383: ├─ @170 - EnvFrame(size=0)
@384: ├─ @200 - EnvFrame(size=1)
@385: └─ @370 - EnvFrame(size=0)
@390: Number(value=1)
@400: Number(value=3)
Heap:
  @0: False()
 @10: True()
 @20: Undefined()
 @30: Environment(size=0)
 @40: EnvFrame(size=6)
 @41: ├─  @50 - Builtin(id=0)
 @42: ├─  @60 - Builtin(id=1)
 @43: ├─  @70 - Builtin(id=2)
 @44: ├─  @80 - Builtin(id=3)
 @45: ├─  @90 - Builtin(id=4)
 @46: └─ @100 - Builtin(id=5)
 @50: Builtin(id=0)
 @60: Builtin(id=1)
 @70: Builtin(id=2)
 @80: Builtin(id=3)
 @90: Builtin(id=4)
@100: Builtin(id=5)
@110: Environment(size=1)
@111: └─  @40 - EnvFrame(size=6)
@120: Blockframe()
@121: └─ @110 - Environment(size=1)
@130: EnvFrame(size=1)
@131: └─ @150 - Closure(arity=0, pc=3)
@140: Environment(size=2)
@141: ├─  @40 - EnvFrame(size=6)
@142: └─ @130 - EnvFrame(size=1)
@150: Closure(arity=0, pc=3)
@151: └─ @140 - Environment(size=2)
@160: Callframe(pc=32)
@161: └─ @140 - Environment(size=2)
@170: EnvFrame(size=0)
@180: Environment(size=3)
@181: ├─  @40 - EnvFrame(size=6)
@182: ├─ @130 - EnvFrame(size=1)
@183: └─ @170 - EnvFrame(size=0)
@190: Blockframe()
@191: └─ @180 - Environment(size=3)
@200: EnvFrame(size=1)
@201: └─ @460 - Number(value=4)
@210: Environment(size=4)
@211: ├─  @40 - EnvFrame(size=6)
@212: ├─ @130 - EnvFrame(size=1)
@213: ├─ @170 - EnvFrame(size=0)
@214: └─ @200 - EnvFrame(size=1)
@220: Number(value=0)
@230: Number(value=15)
@240: Blockframe()
@241: └─ @210 - Environment(size=4)
@250: EnvFrame(size=0)
@260: Environment(size=5)
@261: ├─  @40 - EnvFrame(size=6)
@262: ├─ @130 - EnvFrame(size=1)
@263: ├─ @170 - EnvFrame(size=0)
@264: ├─ @200 - EnvFrame(size=1)
@265: └─ @250 - EnvFrame(size=0)
@270: Number(value=1)
@280: Number(value=1)
@290: Number(value=15)
@300: Blockframe()
@301: └─ @210 - Environment(size=4)
@310: EnvFrame(size=0)
@320: Environment(size=5)
@321: ├─  @40 - EnvFrame(size=6)
@322: ├─ @130 - EnvFrame(size=1)
@323: ├─ @170 - EnvFrame(size=0)
@324: ├─ @200 - EnvFrame(size=1)
@325: └─ @310 - EnvFrame(size=0)
@330: Number(value=1)
@340: Number(value=2)
@350: Number(value=15)
@360: Blockframe()
@361: └─ @210 - Environment(size=4)
@370: EnvFrame(size=0)
@380: Environment(size=5)
@381: ├─  @40 - EnvFrame(size=6)
@382: ├─ @130 - EnvFrame(size=1)
@383: ├─ @170 - EnvFrame(size=0)
@384: ├─ @200 - EnvFrame(size=1)
@385: └─ @370 - EnvFrame(size=0)
@390: Number(value=1)
@400: Number(value=3)
@410: Number(value=15)
@420: Blockframe()
@421: └─ @210 - Environment(size=4)
@430: EnvFrame(size=0)
@440: Environment(size=5)
@441: ├─  @40 - EnvFrame(size=6)
@442: ├─ @130 - EnvFrame(size=1)
@443: ├─ @170 - EnvFrame(size=0)
@444: ├─ @200 - EnvFrame(size=1)
@445: └─ @430 - EnvFrame(size=0)
@450: Number(value=1)
@460: Number(value=4)
Heap:
  @0: False()
 @10: True()
 @20: Undefined()
 @30: Environment(size=0)
 @40: EnvFrame(size=6)
 @41: ├─  @50 - Builtin(id=0)
 @42: ├─  @60 - Builtin(id=1)
 @43: ├─  @70 - Builtin(id=2)
 @44: ├─  @80 - Builtin(id=3)
 @45: ├─  @90 - Builtin(id=4)
 @46: └─ @100 - Builtin(id=5)
 @50: Builtin(id=0)
 @60: Builtin(id=1)
 @70: Builtin(id=2)
 @80: Builtin(id=3)
 @90: Builtin(id=4)
@100: Builtin(id=5)
@110: Environment(size=1)
@111: └─  @40 - EnvFrame(size=6)
@120: Blockframe()
@121: └─ @110 - Environment(size=1)
@130: EnvFrame(size=1)
@131: └─ @150 - Closure(arity=0, pc=3)
@140: Environment(size=2)
@141: ├─  @40 - EnvFrame(size=6)
@142: └─ @130 - EnvFrame(size=1)
@150: Closure(arity=0, pc=3)
@151: └─ @140 - Environment(size=2)
@160: Callframe(pc=32)
@161: └─ @140 - Environment(size=2)
@170: EnvFrame(size=0)
@180: Environment(size=3)
@181: ├─  @40 - EnvFrame(size=6)
@182: ├─ @130 - EnvFrame(size=1)
@183: └─ @170 - EnvFrame(size=0)
@190: Blockframe()
@191: └─ @180 - Environment(size=3)
@200: EnvFrame(size=1)
@201: └─ @520 - Number(value=5)
@210: Environment(size=4)
@211: ├─  @40 - EnvFrame(size=6)
@212: ├─ @130 - EnvFrame(size=1)
@213: ├─ @170 - EnvFrame(size=0)
@214: └─ @200 - EnvFrame(size=1)
@220: Number(value=0)
@230: Number(value=15)
@240: Blockframe()
@241: └─ @210 - Environment(size=4)
@250: EnvFrame(size=0)
@260: Environment(size=5)
@261: ├─  @40 - EnvFrame(size=6)
@262: ├─ @130 - EnvFrame(size=1)
@263: ├─ @170 - EnvFrame(size=0)
@264: ├─ @200 - EnvFrame(size=1)
@265: └─ @250 - EnvFrame(size=0)
@270: Number(value=1)
@280: Number(value=1)
@290: Number(value=15)
@300: Blockframe()
@301: └─ @210 - Environment(size=4)
@310: EnvFrame(size=0)
@320: Environment(size=5)
@321: ├─  @40 - EnvFrame(size=6)
@322: ├─ @130 - EnvFrame(size=1)
@323: ├─ @170 - EnvFrame(size=0)
@324: ├─ @200 - EnvFrame(size=1)
@325: └─ @310 - EnvFrame(size=0)
@330: Number(value=1)
@340: Number(value=2)
@350: Number(value=15)
@360: Blockframe()
@361: └─ @210 - Environment(size=4)
@370: EnvFrame(size=0)
@380: Environment(size=5)
@381: ├─  @40 - EnvFrame(size=6)
@382: ├─ @130 - EnvFrame(size=1)
@383: ├─ @170 - EnvFrame(size=0)
@384: ├─ @200 - EnvFrame(size=1)
@385: └─ @370 - EnvFrame(size=0)
@390: Number(value=1)
@400: Number(value=3)
@410: Number(value=15)
@420: Blockframe()
@421: └─ @210 - Environment(size=4)
@430: EnvFrame(size=0)
@440: Environment(size=5)
@441: ├─  @40 - EnvFrame(size=6)
@442: ├─ @130 - EnvFrame(size=1)
@443: ├─ @170 - EnvFrame(size=0)
@444: ├─ @200 - EnvFrame(size=1)
@445: └─ @430 - EnvFrame(size=0)
@450: Number(value=1)
@460: Number(value=4)
@470: Number(value=15)
@480: Blockframe()
@481: └─ @210 - Environment(size=4)
@490: EnvFrame(size=0)
@500: Environment(size=5)
@501: ├─  @40 - EnvFrame(size=6)
@502: ├─ @130 - EnvFrame(size=1)
@503: ├─ @170 - EnvFrame(size=0)
@504: ├─ @200 - EnvFrame(size=1)
@505: └─ @490 - EnvFrame(size=0)
@510: Number(value=1)
@520: Number(value=5)
Heap:
  @0: False()
 @10: True()
 @20: Undefined()
 @30: Environment(size=0)
 @40: EnvFrame(size=6)
 @41: ├─  @50 - Builtin(id=0)
 @42: ├─  @60 - Builtin(id=1)
 @43: ├─  @70 - Builtin(id=2)
 @44: ├─  @80 - Builtin(id=3)
 @45: ├─  @90 - Builtin(id=4)
 @46: └─ @100 - Builtin(id=5)
 @50: Builtin(id=0)
 @60: Builtin(id=1)
 @70: Builtin(id=2)
 @80: Builtin(id=3)
 @90: Builtin(id=4)
@100: Builtin(id=5)
@110: Environment(size=1)
@111: └─  @40 - EnvFrame(size=6)
@120: Blockframe()
@121: └─ @110 - Environment(size=1)
@130: EnvFrame(size=1)
@131: └─ @150 - Closure(arity=0, pc=3)
@140: Environment(size=2)
@141: ├─  @40 - EnvFrame(size=6)
@142: └─ @130 - EnvFrame(size=1)
@150: Closure(arity=0, pc=3)
@151: └─ @140 - Environment(size=2)
@160: Callframe(pc=32)
@161: └─ @140 - Environment(size=2)
@170: EnvFrame(size=0)
@180: Environment(size=3)
@181: ├─  @40 - EnvFrame(size=6)
@182: ├─ @130 - EnvFrame(size=1)
@183: └─ @170 - EnvFrame(size=0)
@190: Blockframe()
@191: └─ @180 - Environment(size=3)
@200: EnvFrame(size=1)
@201: └─ @580 - Number(value=6)
@210: Environment(size=4)
@211: ├─  @40 - EnvFrame(size=6)
@212: ├─ @130 - EnvFrame(size=1)
@213: ├─ @170 - EnvFrame(size=0)
@214: └─ @200 - EnvFrame(size=1)
@220: Number(value=0)
@230: Number(value=15)
@240: Blockframe()
@241: └─ @210 - Environment(size=4)
@250: EnvFrame(size=0)
@260: Environment(size=5)
@261: ├─  @40 - EnvFrame(size=6)
@262: ├─ @130 - EnvFrame(size=1)
@263: ├─ @170 - EnvFrame(size=0)
@264: ├─ @200 - EnvFrame(size=1)
@265: └─ @250 - EnvFrame(size=0)
@270: Number(value=1)
@280: Number(value=1)
@290: Number(value=15)
@300: Blockframe()
@301: └─ @210 - Environment(size=4)
@310: EnvFrame(size=0)
@320: Environment(size=5)
@321: ├─  @40 - EnvFrame(size=6)
@322: ├─ @130 - EnvFrame(size=1)
@323: ├─ @170 - EnvFrame(size=0)
@324: ├─ @200 - EnvFrame(size=1)
@325: └─ @310 - EnvFrame(size=0)
@330: Number(value=1)
@340: Number(value=2)
@350: Number(value=15)
@360: Blockframe()
@361: └─ @210 - Environment(size=4)
@370: EnvFrame(size=0)
@380: Environment(size=5)
@381: ├─  @40 - EnvFrame(size=6)
@382: ├─ @130 - EnvFrame(size=1)
@383: ├─ @170 - EnvFrame(size=0)
@384: ├─ @200 - EnvFrame(size=1)
@385: └─ @370 - EnvFrame(size=0)
@390: Number(value=1)
@400: Number(value=3)
@410: Number(value=15)
@420: Blockframe()
@421: └─ @210 - Environment(size=4)
@430: EnvFrame(size=0)
@440: Environment(size=5)
@441: ├─  @40 - EnvFrame(size=6)
@442: ├─ @130 - EnvFrame(size=1)
@443: ├─ @170 - EnvFrame(size=0)
@444: ├─ @200 - EnvFrame(size=1)
@445: └─ @430 - EnvFrame(size=0)
@450: Number(value=1)
@460: Number(value=4)
@470: Number(value=15)
@480: Blockframe()
@481: └─ @210 - Environment(size=4)
@490: EnvFrame(size=0)
@500: Environment(size=5)
@501: ├─  @40 - EnvFrame(size=6)
@502: ├─ @130 - EnvFrame(size=1)
@503: ├─ @170 - EnvFrame(size=0)
@504: ├─ @200 - EnvFrame(size=1)
@505: └─ @490 - EnvFrame(size=0)
@510: Number(value=1)
@520: Number(value=5)
@530: Number(value=15)
@540: Blockframe()
@541: └─ @210 - Environment(size=4)
@550: EnvFrame(size=0)
@560: Environment(size=5)
@561: ├─  @40 - EnvFrame(size=6)
@562: ├─ @130 - EnvFrame(size=1)
@563: ├─ @170 - EnvFrame(size=0)
@564: ├─ @200 - EnvFrame(size=1)
@565: └─ @550 - EnvFrame(size=0)
@570: Number(value=1)
@580: Number(value=6)
Heap:
  @0: False()
 @10: True()
 @20: Undefined()
 @30: Environment(size=0)
 @40: EnvFrame(size=6)
 @41: ├─  @50 - Builtin(id=0)
 @42: ├─  @60 - Builtin(id=1)
 @43: ├─  @70 - Builtin(id=2)
 @44: ├─  @80 - Builtin(id=3)
 @45: ├─  @90 - Builtin(id=4)
 @46: └─ @100 - Builtin(id=5)
 @50: Builtin(id=0)
 @60: Builtin(id=1)
 @70: Builtin(id=2)
 @80: Builtin(id=3)
 @90: Builtin(id=4)
@100: Builtin(id=5)
@110: Environment(size=1)
@111: └─  @40 - EnvFrame(size=6)
@120: Blockframe()
@121: └─ @110 - Environment(size=1)
@130: EnvFrame(size=1)
@131: └─ @150 - Closure(arity=0, pc=3)
@140: Environment(size=2)
@141: ├─  @40 - EnvFrame(size=6)
@142: └─ @130 - EnvFrame(size=1)
@150: Closure(arity=0, pc=3)
@151: └─ @140 - Environment(size=2)
@160: Callframe(pc=32)
@161: └─ @140 - Environment(size=2)
@170: EnvFrame(size=0)
@180: Environment(size=3)
@181: ├─  @40 - EnvFrame(size=6)
@182: ├─ @130 - EnvFrame(size=1)
@183: └─ @170 - EnvFrame(size=0)
@190: Blockframe()
@191: └─ @180 - Environment(size=3)
@200: EnvFrame(size=1)
@201: └─ @640 - Number(value=7)
@210: Environment(size=4)
@211: ├─  @40 - EnvFrame(size=6)
@212: ├─ @130 - EnvFrame(size=1)
@213: ├─ @170 - EnvFrame(size=0)
@214: └─ @200 - EnvFrame(size=1)
@220: Number(value=0)
@230: Number(value=15)
@240: Blockframe()
@241: └─ @210 - Environment(size=4)
@250: EnvFrame(size=0)
@260: Environment(size=5)
@261: ├─  @40 - EnvFrame(size=6)
@262: ├─ @130 - EnvFrame(size=1)
@263: ├─ @170 - EnvFrame(size=0)
@264: ├─ @200 - EnvFrame(size=1)
@265: └─ @250 - EnvFrame(size=0)
@270: Number(value=1)
@280: Number(value=1)
@290: Number(value=15)
@300: Blockframe()
@301: └─ @210 - Environment(size=4)
@310: EnvFrame(size=0)
@320: Environment(size=5)
@321: ├─  @40 - EnvFrame(size=6)
@322: ├─ @130 - EnvFrame(size=1)
@323: ├─ @170 - EnvFrame(size=0)
@324: ├─ @200 - EnvFrame(size=1)
@325: └─ @310 - EnvFrame(size=0)
@330: Number(value=1)
@340: Number(value=2)
@350: Number(value=15)
@360: Blockframe()
@361: └─ @210 - Environment(size=4)
@370: EnvFrame(size=0)
@380: Environment(size=5)
@381: ├─  @40 - EnvFrame(size=6)
@382: ├─ @130 - EnvFrame(size=1)
@383: ├─ @170 - EnvFrame(size=0)
@384: ├─ @200 - EnvFrame(size=1)
@385: └─ @370 - EnvFrame(size=0)
@390: Number(value=1)
@400: Number(value=3)
@410: Number(value=15)
@420: Blockframe()
@421: └─ @210 - Environment(size=4)
@430: EnvFrame(size=0)
@440: Environment(size=5)
@441: ├─  @40 - EnvFrame(size=6)
@442: ├─ @130 - EnvFrame(size=1)
@443: ├─ @170 - EnvFrame(size=0)
@444: ├─ @200 - EnvFrame(size=1)
@445: └─ @430 - EnvFrame(size=0)
@450: Number(value=1)
@460: Number(value=4)
@470: Number(value=15)
@480: Blockframe()
@481: └─ @210 - Environment(size=4)
@490: EnvFrame(size=0)
@500: Environment(size=5)
@501: ├─  @40 - EnvFrame(size=6)
@502: ├─ @130 - EnvFrame(size=1)
@503: ├─ @170 - EnvFrame(size=0)
@504: ├─ @200 - EnvFrame(size=1)
@505: └─ @490 - EnvFrame(size=0)
@510: Number(value=1)
@520: Number(value=5)
@530: Number(value=15)
@540: Blockframe()
@541: └─ @210 - Environment(size=4)
@550: EnvFrame(size=0)
@560: Environment(size=5)
@561: ├─  @40 - EnvFrame(size=6)
@562: ├─ @130 - EnvFrame(size=1)
@563: ├─ @170 - EnvFrame(size=0)
@564: ├─ @200 - EnvFrame(size=1)
@565: └─ @550 - EnvFrame(size=0)
@570: Number(value=1)
@580: Number(value=6)
@590: Number(value=15)
@600: Blockframe()
@601: └─ @210 - Environment(size=4)
@610: EnvFrame(size=0)
@620: Environment(size=5)
@621: ├─  @40 - EnvFrame(size=6)
@622: ├─ @130 - EnvFrame(size=1)
@623: ├─ @170 - EnvFrame(size=0)
@624: ├─ @200 - EnvFrame(size=1)
@625: └─ @610 - EnvFrame(size=0)
@630: Number(value=1)
@640: Number(value=7)
Heap:
  @0: False()
 @10: True()
 @20: Undefined()
 @30: Environment(size=0)
 @40: EnvFrame(size=6)
 @41: ├─  @50 - Builtin(id=0)
 @42: ├─  @60 - Builtin(id=1)
 @43: ├─  @70 - Builtin(id=2)
 @44: ├─  @80 - Builtin(id=3)
 @45: ├─  @90 - Builtin(id=4)
 @46: └─ @100 - Builtin(id=5)
 @50: Builtin(id=0)
 @60: Builtin(id=1)
 @70: Builtin(id=2)
 @80: Builtin(id=3)
 @90: Builtin(id=4)
@100: Builtin(id=5)
@110: Environment(size=1)
@111: └─  @40 - EnvFrame(size=6)
@120: Blockframe()
@121: └─ @110 - Environment(size=1)
@130: EnvFrame(size=1)
@131: └─ @150 - Closure(arity=0, pc=3)
@140: Environment(size=2)
@141: ├─  @40 - EnvFrame(size=6)
@142: └─ @130 - EnvFrame(size=1)
@150: Closure(arity=0, pc=3)
@151: └─ @140 - Environment(size=2)
@160: Callframe(pc=32)
@161: └─ @140 - Environment(size=2)
@170: EnvFrame(size=0)
@180: Environment(size=3)
@181: ├─  @40 - EnvFrame(size=6)
@182: ├─ @130 - EnvFrame(size=1)
@183: └─ @170 - EnvFrame(size=0)
@190: Blockframe()
@191: └─ @180 - Environment(size=3)
@200: EnvFrame(size=1)
@201: └─ @700 - Number(value=8)
@210: Environment(size=4)
@211: ├─  @40 - EnvFrame(size=6)
@212: ├─ @130 - EnvFrame(size=1)
@213: ├─ @170 - EnvFrame(size=0)
@214: └─ @200 - EnvFrame(size=1)
@220: Number(value=0)
@230: Number(value=15)
@240: Blockframe()
@241: └─ @210 - Environment(size=4)
@250: EnvFrame(size=0)
@260: Environment(size=5)
@261: ├─  @40 - EnvFrame(size=6)
@262: ├─ @130 - EnvFrame(size=1)
@263: ├─ @170 - EnvFrame(size=0)
@264: ├─ @200 - EnvFrame(size=1)
@265: └─ @250 - EnvFrame(size=0)
@270: Number(value=1)
@280: Number(value=1)
@290: Number(value=15)
@300: Blockframe()
@301: └─ @210 - Environment(size=4)
@310: EnvFrame(size=0)
@320: Environment(size=5)
@321: ├─  @40 - EnvFrame(size=6)
@322: ├─ @130 - EnvFrame(size=1)
@323: ├─ @170 - EnvFrame(size=0)
@324: ├─ @200 - EnvFrame(size=1)
@325: └─ @310 - EnvFrame(size=0)
@330: Number(value=1)
@340: Number(value=2)
@350: Number(value=15)
@360: Blockframe()
@361: └─ @210 - Environment(size=4)
@370: EnvFrame(size=0)
@380: Environment(size=5)
@381: ├─  @40 - EnvFrame(size=6)
@382: ├─ @130 - EnvFrame(size=1)
@383: ├─ @170 - EnvFrame(size=0)
@384: ├─ @200 - EnvFrame(size=1)
@385: └─ @370 - EnvFrame(size=0)
@390: Number(value=1)
@400: Number(value=3)
@410: Number(value=15)
@420: Blockframe()
@421: └─ @210 - Environment(size=4)
@430: EnvFrame(size=0)
@440: Environment(size=5)
@441: ├─  @40 - EnvFrame(size=6)
@442: ├─ @130 - EnvFrame(size=1)
@443: ├─ @170 - EnvFrame(size=0)
@444: ├─ @200 - EnvFrame(size=1)
@445: └─ @430 - EnvFrame(size=0)
@450: Number(value=1)
@460: Number(value=4)
@470: Number(value=15)
@480: Blockframe()
@481: └─ @210 - Environment(size=4)
@490: EnvFrame(size=0)
@500: Environment(size=5)
@501: ├─  @40 - EnvFrame(size=6)
@502: ├─ @130 - EnvFrame(size=1)
@503: ├─ @170 - EnvFrame(size=0)
@504: ├─ @200 - EnvFrame(size=1)
@505: └─ @490 - EnvFrame(size=0)
@510: Number(value=1)
@520: Number(value=5)
@530: Number(value=15)
@540: Blockframe()
@541: └─ @210 - Environment(size=4)
@550: EnvFrame(size=0)
@560: Environment(size=5)
@561: ├─  @40 - EnvFrame(size=6)
@562: ├─ @130 - EnvFrame(size=1)
@563: ├─ @170 - EnvFrame(size=0)
@564: ├─ @200 - EnvFrame(size=1)
@565: └─ @550 - EnvFrame(size=0)
@570: Number(value=1)
@580: Number(value=6)
@590: Number(value=15)
@600: Blockframe()
@601: └─ @210 - Environment(size=4)
@610: EnvFrame(size=0)
@620: Environment(size=5)
@621: ├─  @40 - EnvFrame(size=6)
@622: ├─ @130 - EnvFrame(size=1)
@623: ├─ @170 - EnvFrame(size=0)
@624: ├─ @200 - EnvFrame(size=1)
@625: └─ @610 - EnvFrame(size=0)
@630: Number(value=1)
@640: Number(value=7)
@650: Number(value=15)
@660: Blockframe()
@661: └─ @210 - Environment(size=4)
@670: EnvFrame(size=0)
@680: Environment(size=5)
@681: ├─  @40 - EnvFrame(size=6)
@682: ├─ @130 - EnvFrame(size=1)
@683: ├─ @170 - EnvFrame(size=0)
@684: ├─ @200 - EnvFrame(size=1)
@685: └─ @670 - EnvFrame(size=0)
@690: Number(value=1)
@700: Number(value=8)
Heap:
  @0: False()
 @10: True()
 @20: Undefined()
 @30: Environment(size=0)
 @40: EnvFrame(size=6)
 @41: ├─  @50 - Builtin(id=0)
 @42: ├─  @60 - Builtin(id=1)
 @43: ├─  @70 - Builtin(id=2)
 @44: ├─  @80 - Builtin(id=3)
 @45: ├─  @90 - Builtin(id=4)
 @46: └─ @100 - Builtin(id=5)
 @50: Builtin(id=0)
 @60: Builtin(id=1)
 @70: Builtin(id=2)
 @80: Builtin(id=3)
 @90: Builtin(id=4)
@100: Builtin(id=5)
@110: Environment(size=1)
@111: └─  @40 - EnvFrame(size=6)
@120: Blockframe()
@121: └─ @110 - Environment(size=1)
@130: EnvFrame(size=1)
@131: └─ @150 - Closure(arity=0, pc=3)
@140: Environment(size=2)
@141: ├─  @40 - EnvFrame(size=6)
@142: └─ @130 - EnvFrame(size=1)
@150: Closure(arity=0, pc=3)
@151: └─ @140 - Environment(size=2)
@160: Callframe(pc=32)
@161: └─ @140 - Environment(size=2)
@170: EnvFrame(size=0)
@180: Environment(size=3)
@181: ├─  @40 - EnvFrame(size=6)
@182: ├─ @130 - EnvFrame(size=1)
@183: └─ @170 - EnvFrame(size=0)
@190: Blockframe()
@191: └─ @180 - Environment(size=3)
@200: EnvFrame(size=1)
@201: └─ @760 - Number(value=9)
@210: Environment(size=4)
@211: ├─  @40 - EnvFrame(size=6)
@212: ├─ @130 - EnvFrame(size=1)
@213: ├─ @170 - EnvFrame(size=0)
@214: └─ @200 - EnvFrame(size=1)
@220: Number(value=0)
@230: Number(value=15)
@240: Blockframe()
@241: └─ @210 - Environment(size=4)
@250: EnvFrame(size=0)
@260: Environment(size=5)
@261: ├─  @40 - EnvFrame(size=6)
@262: ├─ @130 - EnvFrame(size=1)
@263: ├─ @170 - EnvFrame(size=0)
@264: ├─ @200 - EnvFrame(size=1)
@265: └─ @250 - EnvFrame(size=0)
@270: Number(value=1)
@280: Number(value=1)
@290: Number(value=15)
@300: Blockframe()
@301: └─ @210 - Environment(size=4)
@310: EnvFrame(size=0)
@320: Environment(size=5)
@321: ├─  @40 - EnvFrame(size=6)
@322: ├─ @130 - EnvFrame(size=1)
@323: ├─ @170 - EnvFrame(size=0)
@324: ├─ @200 - EnvFrame(size=1)
@325: └─ @310 - EnvFrame(size=0)
@330: Number(value=1)
@340: Number(value=2)
@350: Number(value=15)
@360: Blockframe()
@361: └─ @210 - Environment(size=4)
@370: EnvFrame(size=0)
@380: Environment(size=5)
@381: ├─  @40 - EnvFrame(size=6)
@382: ├─ @130 - EnvFrame(size=1)
@383: ├─ @170 - EnvFrame(size=0)
@384: ├─ @200 - EnvFrame(size=1)
@385: └─ @370 - EnvFrame(size=0)
@390: Number(value=1)
@400: Number(value=3)
@410: Number(value=15)
@420: Blockframe()
@421: └─ @210 - Environment(size=4)
@430: EnvFrame(size=0)
@440: Environment(size=5)
@441: ├─  @40 - EnvFrame(size=6)
@442: ├─ @130 - EnvFrame(size=1)
@443: ├─ @170 - EnvFrame(size=0)
@444: ├─ @200 - EnvFrame(size=1)
@445: └─ @430 - EnvFrame(size=0)
@450: Number(value=1)
@460: Number(value=4)
@470: Number(value=15)
@480: Blockframe()
@481: └─ @210 - Environment(size=4)
@490: EnvFrame(size=0)
@500: Environment(size=5)
@501: ├─  @40 - EnvFrame(size=6)
@502: ├─ @130 - EnvFrame(size=1)
@503: ├─ @170 - EnvFrame(size=0)
@504: ├─ @200 - EnvFrame(size=1)
@505: └─ @490 - EnvFrame(size=0)
@510: Number(value=1)
@520: Number(value=5)
@530: Number(value=15)
@540: Blockframe()
@541: └─ @210 - Environment(size=4)
@550: EnvFrame(size=0)
@560: Environment(size=5)
@561: ├─  @40 - EnvFrame(size=6)
@562: ├─ @130 - EnvFrame(size=1)
@563: ├─ @170 - EnvFrame(size=0)
@564: ├─ @200 - EnvFrame(size=1)
@565: └─ @550 - EnvFrame(size=0)
@570: Number(value=1)
@580: Number(value=6)
@590: Number(value=15)
@600: Blockframe()
@601: └─ @210 - Environment(size=4)
@610: EnvFrame(size=0)
@620: Environment(size=5)
@621: ├─  @40 - EnvFrame(size=6)
@622: ├─ @130 - EnvFrame(size=1)
@623: ├─ @170 - EnvFrame(size=0)
@624: ├─ @200 - EnvFrame(size=1)
@625: └─ @610 - EnvFrame(size=0)
@630: Number(value=1)
@640: Number(value=7)
@650: Number(value=15)
@660: Blockframe()
@661: └─ @210 - Environment(size=4)
@670: EnvFrame(size=0)
@680: Environment(size=5)
@681: ├─  @40 - EnvFrame(size=6)
@682: ├─ @130 - EnvFrame(size=1)
@683: ├─ @170 - EnvFrame(size=0)
@684: ├─ @200 - EnvFrame(size=1)
@685: └─ @670 - EnvFrame(size=0)
@690: Number(value=1)
@700: Number(value=8)
@710: Number(value=15)
@720: Blockframe()
@721: └─ @210 - Environment(size=4)
@730: EnvFrame(size=0)
@740: Environment(size=5)
@741: ├─  @40 - EnvFrame(size=6)
@742: ├─ @130 - EnvFrame(size=1)
@743: ├─ @170 - EnvFrame(size=0)
@744: ├─ @200 - EnvFrame(size=1)
@745: └─ @730 - EnvFrame(size=0)
@750: Number(value=1)
@760: Number(value=9)
Heap:
  @0: False()
 @10: True()
 @20: Undefined()
 @30: Environment(size=0)
 @40: EnvFrame(size=6)
 @41: ├─  @50 - Builtin(id=0)
 @42: ├─  @60 - Builtin(id=1)
 @43: ├─  @70 - Builtin(id=2)
 @44: ├─  @80 - Builtin(id=3)
 @45: ├─  @90 - Builtin(id=4)
 @46: └─ @100 - Builtin(id=5)
 @50: Builtin(id=0)
 @60: Builtin(id=1)
 @70: Builtin(id=2)
 @80: Builtin(id=3)
 @90: Builtin(id=4)
@100: Builtin(id=5)
@110: Environment(size=1)
@111: └─  @40 - EnvFrame(size=6)
@120: Blockframe()
@121: └─ @110 - Environment(size=1)
@130: EnvFrame(size=1)
@131: └─ @150 - Closure(arity=0, pc=3)
@140: Environment(size=2)
@141: ├─  @40 - EnvFrame(size=6)
@142: └─ @130 - EnvFrame(size=1)
@150: Closure(arity=0, pc=3)
@151: └─ @140 - Environment(size=2)
@160: Callframe(pc=32)
@161: └─ @140 - Environment(size=2)
@170: EnvFrame(size=0)
@180: Environment(size=3)
@181: ├─  @40 - EnvFrame(size=6)
@182: ├─ @130 - EnvFrame(size=1)
@183: └─ @170 - EnvFrame(size=0)
@190: Blockframe()
@191: └─ @180 - Environment(size=3)
@200: EnvFrame(size=1)
@201: └─ @820 - Number(value=10)
@210: Environment(size=4)
@211: ├─  @40 - EnvFrame(size=6)
@212: ├─ @130 - EnvFrame(size=1)
@213: ├─ @170 - EnvFrame(size=0)
@214: └─ @200 - EnvFrame(size=1)
@220: Number(value=0)
@230: Number(value=15)
@240: Blockframe()
@241: └─ @210 - Environment(size=4)
@250: EnvFrame(size=0)
@260: Environment(size=5)
@261: ├─  @40 - EnvFrame(size=6)
@262: ├─ @130 - EnvFrame(size=1)
@263: ├─ @170 - EnvFrame(size=0)
@264: ├─ @200 - EnvFrame(size=1)
@265: └─ @250 - EnvFrame(size=0)
@270: Number(value=1)
@280: Number(value=1)
@290: Number(value=15)
@300: Blockframe()
@301: └─ @210 - Environment(size=4)
@310: EnvFrame(size=0)
@320: Environment(size=5)
@321: ├─  @40 - EnvFrame(size=6)
@322: ├─ @130 - EnvFrame(size=1)
@323: ├─ @170 - EnvFrame(size=0)
@324: ├─ @200 - EnvFrame(size=1)
@325: └─ @310 - EnvFrame(size=0)
@330: Number(value=1)
@340: Number(value=2)
@350: Number(value=15)
@360: Blockframe()
@361: └─ @210 - Environment(size=4)
@370: EnvFrame(size=0)
@380: Environment(size=5)
@381: ├─  @40 - EnvFrame(size=6)
@382: ├─ @130 - EnvFrame(size=1)
@383: ├─ @170 - EnvFrame(size=0)
@384: ├─ @200 - EnvFrame(size=1)
@385: └─ @370 - EnvFrame(size=0)
@390: Number(value=1)
@400: Number(value=3)
@410: Number(value=15)
@420: Blockframe()
@421: └─ @210 - Environment(size=4)
@430: EnvFrame(size=0)
@440: Environment(size=5)
@441: ├─  @40 - EnvFrame(size=6)
@442: ├─ @130 - EnvFrame(size=1)
@443: ├─ @170 - EnvFrame(size=0)
@444: ├─ @200 - EnvFrame(size=1)
@445: └─ @430 - EnvFrame(size=0)
@450: Number(value=1)
@460: Number(value=4)
@470: Number(value=15)
@480: Blockframe()
@481: └─ @210 - Environment(size=4)
@490: EnvFrame(size=0)
@500: Environment(size=5)
@501: ├─  @40 - EnvFrame(size=6)
@502: ├─ @130 - EnvFrame(size=1)
@503: ├─ @170 - EnvFrame(size=0)
@504: ├─ @200 - EnvFrame(size=1)
@505: └─ @490 - EnvFrame(size=0)
@510: Number(value=1)
@520: Number(value=5)
@530: Number(value=15)
@540: Blockframe()
@541: └─ @210 - Environment(size=4)
@550: EnvFrame(size=0)
@560: Environment(size=5)
@561: ├─  @40 - EnvFrame(size=6)
@562: ├─ @130 - EnvFrame(size=1)
@563: ├─ @170 - EnvFrame(size=0)
@564: ├─ @200 - EnvFrame(size=1)
@565: └─ @550 - EnvFrame(size=0)
@570: Number(value=1)
@580: Number(value=6)
@590: Number(value=15)
@600: Blockframe()
@601: └─ @210 - Environment(size=4)
@610: EnvFrame(size=0)
@620: Environment(size=5)
@621: ├─  @40 - EnvFrame(size=6)
@622: ├─ @130 - EnvFrame(size=1)
@623: ├─ @170 - EnvFrame(size=0)
@624: ├─ @200 - EnvFrame(size=1)
@625: └─ @610 - EnvFrame(size=0)
@630: Number(value=1)
@640: Number(value=7)
@650: Number(value=15)
@660: Blockframe()
@661: └─ @210 - Environment(size=4)
@670: EnvFrame(size=0)
@680: Environment(size=5)
@681: ├─  @40 - EnvFrame(size=6)
@682: ├─ @130 - EnvFrame(size=1)
@683: ├─ @170 - EnvFrame(size=0)
@684: ├─ @200 - EnvFrame(size=1)
@685: └─ @670 - EnvFrame(size=0)
@690: Number(value=1)
@700: Number(value=8)
@710: Number(value=15)
@720: Blockframe()
@721: └─ @210 - Environment(size=4)
@730: EnvFrame(size=0)
@740: Environment(size=5)
@741: ├─  @40 - EnvFrame(size=6)
@742: ├─ @130 - EnvFrame(size=1)
@743: ├─ @170 - EnvFrame(size=0)
@744: ├─ @200 - EnvFrame(size=1)
@745: └─ @730 - EnvFrame(size=0)
@750: Number(value=1)
@760: Number(value=9)
@770: Number(value=15)
@780: Blockframe()
@781: └─ @210 - Environment(size=4)
@790: EnvFrame(size=0)
@800: Environment(size=5)
@801: ├─  @40 - EnvFrame(size=6)
@802: ├─ @130 - EnvFrame(size=1)
@803: ├─ @170 - EnvFrame(size=0)
@804: ├─ @200 - EnvFrame(size=1)
@805: └─ @790 - EnvFrame(size=0)
@810: Number(value=1)
@820: Number(value=10)
Heap:
  @0: False()
 @10: True()
 @20: Undefined()
 @30: Environment(size=0)
 @40: EnvFrame(size=6)
 @41: ├─  @50 - Builtin(id=0)
 @42: ├─  @60 - Builtin(id=1)
 @43: ├─  @70 - Builtin(id=2)
 @44: ├─  @80 - Builtin(id=3)
 @45: ├─  @90 - Builtin(id=4)
 @46: └─ @100 - Builtin(id=5)
 @50: Builtin(id=0)
 @60: Builtin(id=1)
 @70: Builtin(id=2)
 @80: Builtin(id=3)
 @90: Builtin(id=4)
@100: Builtin(id=5)
@110: Environment(size=1)
@111: └─  @40 - EnvFrame(size=6)
@120: Blockframe()
@121: └─ @110 - Environment(size=1)
@130: EnvFrame(size=1)
@131: └─ @150 - Closure(arity=0, pc=3)
@140: Environment(size=2)
@141: ├─  @40 - EnvFrame(size=6)
@142: └─ @130 - EnvFrame(size=1)
@150: Closure(arity=0, pc=3)
@151: └─ @140 - Environment(size=2)
@160: Callframe(pc=32)
@161: └─ @140 - Environment(size=2)
@170: EnvFrame(size=0)
@180: Environment(size=3)
@181: ├─  @40 - EnvFrame(size=6)
@182: ├─ @130 - EnvFrame(size=1)
@183: └─ @170 - EnvFrame(size=0)
@190: Blockframe()
@191: └─ @180 - Environment(size=3)
@200: EnvFrame(size=1)
@201: └─ @880 - Number(value=11)
@210: Environment(size=4)
@211: ├─  @40 - EnvFrame(size=6)
@212: ├─ @130 - EnvFrame(size=1)
@213: ├─ @170 - EnvFrame(size=0)
@214: └─ @200 - EnvFrame(size=1)
@220: Number(value=0)
@230: Number(value=15)
@240: Blockframe()
@241: └─ @210 - Environment(size=4)
@250: EnvFrame(size=0)
@260: Environment(size=5)
@261: ├─  @40 - EnvFrame(size=6)
@262: ├─ @130 - EnvFrame(size=1)
@263: ├─ @170 - EnvFrame(size=0)
@264: ├─ @200 - EnvFrame(size=1)
@265: └─ @250 - EnvFrame(size=0)
@270: Number(value=1)
@280: Number(value=1)
@290: Number(value=15)
@300: Blockframe()
@301: └─ @210 - Environment(size=4)
@310: EnvFrame(size=0)
@320: Environment(size=5)
@321: ├─  @40 - EnvFrame(size=6)
@322: ├─ @130 - EnvFrame(size=1)
@323: ├─ @170 - EnvFrame(size=0)
@324: ├─ @200 - EnvFrame(size=1)
@325: └─ @310 - EnvFrame(size=0)
@330: Number(value=1)
@340: Number(value=2)
@350: Number(value=15)
@360: Blockframe()
@361: └─ @210 - Environment(size=4)
@370: EnvFrame(size=0)
@380: Environment(size=5)
@381: ├─  @40 - EnvFrame(size=6)
@382: ├─ @130 - EnvFrame(size=1)
@383: ├─ @170 - EnvFrame(size=0)
@384: ├─ @200 - EnvFrame(size=1)
@385: └─ @370 - EnvFrame(size=0)
@390: Number(value=1)
@400: Number(value=3)
@410: Number(value=15)
@420: Blockframe()
@421: └─ @210 - Environment(size=4)
@430: EnvFrame(size=0)
@440: Environment(size=5)
@441: ├─  @40 - EnvFrame(size=6)
@442: ├─ @130 - EnvFrame(size=1)
@443: ├─ @170 - EnvFrame(size=0)
@444: ├─ @200 - EnvFrame(size=1)
@445: └─ @430 - EnvFrame(size=0)
@450: Number(value=1)
@460: Number(value=4)
@470: Number(value=15)
@480: Blockframe()
@481: └─ @210 - Environment(size=4)
@490: EnvFrame(size=0)
@500: Environment(size=5)
@501: ├─  @40 - EnvFrame(size=6)
@502: ├─ @130 - EnvFrame(size=1)
@503: ├─ @170 - EnvFrame(size=0)
@504: ├─ @200 - EnvFrame(size=1)
@505: └─ @490 - EnvFrame(size=0)
@510: Number(value=1)
@520: Number(value=5)
@530: Number(value=15)
@540: Blockframe()
@541: └─ @210 - Environment(size=4)
@550: EnvFrame(size=0)
@560: Environment(size=5)
@561: ├─  @40 - EnvFrame(size=6)
@562: ├─ @130 - EnvFrame(size=1)
@563: ├─ @170 - EnvFrame(size=0)
@564: ├─ @200 - EnvFrame(size=1)
@565: └─ @550 - EnvFrame(size=0)
@570: Number(value=1)
@580: Number(value=6)
@590: Number(value=15)
@600: Blockframe()
@601: └─ @210 - Environment(size=4)
@610: EnvFrame(size=0)
@620: Environment(size=5)
@621: ├─  @40 - EnvFrame(size=6)
@622: ├─ @130 - EnvFrame(size=1)
@623: ├─ @170 - EnvFrame(size=0)
@624: ├─ @200 - EnvFrame(size=1)
@625: └─ @610 - EnvFrame(size=0)
@630: Number(value=1)
@640: Number(value=7)
@650: Number(value=15)
@660: Blockframe()
@661: └─ @210 - Environment(size=4)
@670: EnvFrame(size=0)
@680: Environment(size=5)
@681: ├─  @40 - EnvFrame(size=6)
@682: ├─ @130 - EnvFrame(size=1)
@683: ├─ @170 - EnvFrame(size=0)
@684: ├─ @200 - EnvFrame(size=1)
@685: └─ @670 - EnvFrame(size=0)
@690: Number(value=1)
@700: Number(value=8)
@710: Number(value=15)
@720: Blockframe()
@721: └─ @210 - Environment(size=4)
@730: EnvFrame(size=0)
@740: Environment(size=5)
@741: ├─  @40 - EnvFrame(size=6)
@742: ├─ @130 - EnvFrame(size=1)
@743: ├─ @170 - EnvFrame(size=0)
@744: ├─ @200 - EnvFrame(size=1)
@745: └─ @730 - EnvFrame(size=0)
@750: Number(value=1)
@760: Number(value=9)
@770: Number(value=15)
@780: Blockframe()
@781: └─ @210 - Environment(size=4)
@790: EnvFrame(size=0)
@800: Environment(size=5)
@801: ├─  @40 - EnvFrame(size=6)
@802: ├─ @130 - EnvFrame(size=1)
@803: ├─ @170 - EnvFrame(size=0)
@804: ├─ @200 - EnvFrame(size=1)
@805: └─ @790 - EnvFrame(size=0)
@810: Number(value=1)
@820: Number(value=10)
@830: Number(value=15)
@840: Blockframe()
@841: └─ @210 - Environment(size=4)
@850: EnvFrame(size=0)
@860: Environment(size=5)
@861: ├─  @40 - EnvFrame(size=6)
@862: ├─ @130 - EnvFrame(size=1)
@863: ├─ @170 - EnvFrame(size=0)
@864: ├─ @200 - EnvFrame(size=1)
@865: └─ @850 - EnvFrame(size=0)
@870: Number(value=1)
@880: Number(value=11)
Heap:
  @0: False()
 @10: True()
 @20: Undefined()
 @30: Environment(size=0)
 @40: EnvFrame(size=6)
 @41: ├─  @50 - Builtin(id=0)
 @42: ├─  @60 - Builtin(id=1)
 @43: ├─  @70 - Builtin(id=2)
 @44: ├─  @80 - Builtin(id=3)
 @45: ├─  @90 - Builtin(id=4)
 @46: └─ @100 - Builtin(id=5)
 @50: Builtin(id=0)
 @60: Builtin(id=1)
 @70: Builtin(id=2)
 @80: Builtin(id=3)
 @90: Builtin(id=4)
@100: Builtin(id=5)
@110: Environment(size=1)
@111: └─  @40 - EnvFrame(size=6)
@120: Blockframe()
@121: └─ @110 - Environment(size=1)
@130: EnvFrame(size=1)
@131: └─ @150 - Closure(arity=0, pc=3)
@140: Environment(size=2)
@141: ├─  @40 - EnvFrame(size=6)
@142: └─ @130 - EnvFrame(size=1)
@150: Closure(arity=0, pc=3)
@151: └─ @140 - Environment(size=2)
@160: Callframe(pc=32)
@161: └─ @140 - Environment(size=2)
@170: EnvFrame(size=0)
@180: Environment(size=3)
@181: ├─  @40 - EnvFrame(size=6)
@182: ├─ @130 - EnvFrame(size=1)
@183: └─ @170 - EnvFrame(size=0)
@190: Blockframe()
@191: └─ @180 - Environment(size=3)
@200: EnvFrame(size=1)
@201: └─ @940 - Number(value=12)
@210: Environment(size=4)
@211: ├─  @40 - EnvFrame(size=6)
@212: ├─ @130 - EnvFrame(size=1)
@213: ├─ @170 - EnvFrame(size=0)
@214: └─ @200 - EnvFrame(size=1)
@220: Number(value=0)
@230: Number(value=15)
@240: Blockframe()
@241: └─ @210 - Environment(size=4)
@250: EnvFrame(size=0)
@260: Environment(size=5)
@261: ├─  @40 - EnvFrame(size=6)
@262: ├─ @130 - EnvFrame(size=1)
@263: ├─ @170 - EnvFrame(size=0)
@264: ├─ @200 - EnvFrame(size=1)
@265: └─ @250 - EnvFrame(size=0)
@270: Number(value=1)
@280: Number(value=1)
@290: Number(value=15)
@300: Blockframe()
@301: └─ @210 - Environment(size=4)
@310: EnvFrame(size=0)
@320: Environment(size=5)
@321: ├─  @40 - EnvFrame(size=6)
@322: ├─ @130 - EnvFrame(size=1)
@323: ├─ @170 - EnvFrame(size=0)
@324: ├─ @200 - EnvFrame(size=1)
@325: └─ @310 - EnvFrame(size=0)
@330: Number(value=1)
@340: Number(value=2)
@350: Number(value=15)
@360: Blockframe()
@361: └─ @210 - Environment(size=4)
@370: EnvFrame(size=0)
@380: Environment(size=5)
@381: ├─  @40 - EnvFrame(size=6)
@382: ├─ @130 - EnvFrame(size=1)
@383: ├─ @170 - EnvFrame(size=0)
@384: ├─ @200 - EnvFrame(size=1)
@385: └─ @370 - EnvFrame(size=0)
@390: Number(value=1)
@400: Number(value=3)
@410: Number(value=15)
@420: Blockframe()
@421: └─ @210 - Environment(size=4)
@430: EnvFrame(size=0)
@440: Environment(size=5)
@441: ├─  @40 - EnvFrame(size=6)
@442: ├─ @130 - EnvFrame(size=1)
@443: ├─ @170 - EnvFrame(size=0)
@444: ├─ @200 - EnvFrame(size=1)
@445: └─ @430 - EnvFrame(size=0)
@450: Number(value=1)
@460: Number(value=4)
@470: Number(value=15)
@480: Blockframe()
@481: └─ @210 - Environment(size=4)
@490: EnvFrame(size=0)
@500: Environment(size=5)
@501: ├─  @40 - EnvFrame(size=6)
@502: ├─ @130 - EnvFrame(size=1)
@503: ├─ @170 - EnvFrame(size=0)
@504: ├─ @200 - EnvFrame(size=1)
@505: └─ @490 - EnvFrame(size=0)
@510: Number(value=1)
@520: Number(value=5)
@530: Number(value=15)
@540: Blockframe()
@541: └─ @210 - Environment(size=4)
@550: EnvFrame(size=0)
@560: Environment(size=5)
@561: ├─  @40 - EnvFrame(size=6)
@562: ├─ @130 - EnvFrame(size=1)
@563: ├─ @170 - EnvFrame(size=0)
@564: ├─ @200 - EnvFrame(size=1)
@565: └─ @550 - EnvFrame(size=0)
@570: Number(value=1)
@580: Number(value=6)
@590: Number(value=15)
@600: Blockframe()
@601: └─ @210 - Environment(size=4)
@610: EnvFrame(size=0)
@620: Environment(size=5)
@621: ├─  @40 - EnvFrame(size=6)
@622: ├─ @130 - EnvFrame(size=1)
@623: ├─ @170 - EnvFrame(size=0)
@624: ├─ @200 - EnvFrame(size=1)
@625: └─ @610 - EnvFrame(size=0)
@630: Number(value=1)
@640: Number(value=7)
@650: Number(value=15)
@660: Blockframe()
@661: └─ @210 - Environment(size=4)
@670: EnvFrame(size=0)
@680: Environment(size=5)
@681: ├─  @40 - EnvFrame(size=6)
@682: ├─ @130 - EnvFrame(size=1)
@683: ├─ @170 - EnvFrame(size=0)
@684: ├─ @200 - EnvFrame(size=1)
@685: └─ @670 - EnvFrame(size=0)
@690: Number(value=1)
@700: Number(value=8)
@710: Number(value=15)
@720: Blockframe()
@721: └─ @210 - Environment(size=4)
@730: EnvFrame(size=0)
@740: Environment(size=5)
@741: ├─  @40 - EnvFrame(size=6)
@742: ├─ @130 - EnvFrame(size=1)
@743: ├─ @170 - EnvFrame(size=0)
@744: ├─ @200 - EnvFrame(size=1)
@745: └─ @730 - EnvFrame(size=0)
@750: Number(value=1)
@760: Number(value=9)
@770: Number(value=15)
@780: Blockframe()
@781: └─ @210 - Environment(size=4)
@790: EnvFrame(size=0)
@800: Environment(size=5)
@801: ├─  @40 - EnvFrame(size=6)
@802: ├─ @130 - EnvFrame(size=1)
@803: ├─ @170 - EnvFrame(size=0)
@804: ├─ @200 - EnvFrame(size=1)
@805: └─ @790 - EnvFrame(size=0)
@810: Number(value=1)
@820: Number(value=10)
@830: Number(value=15)
@840: Blockframe()
@841: └─ @210 - Environment(size=4)
@850: EnvFrame(size=0)
@860: Environment(size=5)
@861: ├─  @40 - EnvFrame(size=6)
@862: ├─ @130 - EnvFrame(size=1)
@863: ├─ @170 - EnvFrame(size=0)
@864: ├─ @200 - EnvFrame(size=1)
@865: └─ @850 - EnvFrame(size=0)
@870: Number(value=1)
@880: Number(value=11)
@890: Number(value=15)
@900: Blockframe()
@901: └─ @210 - Environment(size=4)
@910: EnvFrame(size=0)
@920: Environment(size=5)
@921: ├─  @40 - EnvFrame(size=6)
@922: ├─ @130 - EnvFrame(size=1)
@923: ├─ @170 - EnvFrame(size=0)
@924: ├─ @200 - EnvFrame(size=1)
@925: └─ @910 - EnvFrame(size=0)
@930: Number(value=1)
@940: Number(value=12)
Garbage collection triggered while trying to allocate 3
Marking 980
Marking 40
Marking 50
Marking 60
Marking 70
Marking 80
Marking 90
Marking 100
Marking 130
Marking 150
Marking 140
Marking 170
Marking 200
Marking 940
Marking 970
Marking 120
Marking 110
Marking 160
Marking 190
Marking 180
Marking 960
Marking 210
Freeing 220
Freeing 230
Freeing 240
Freeing 250
Freeing 260
Freeing 270
Freeing 280
Freeing 290
Freeing 300
Freeing 310
Freeing 320
Freeing 330
Freeing 340
Freeing 350
Freeing 360
Freeing 370
Freeing 380
Freeing 390
Freeing 400
Freeing 410
Freeing 420
Freeing 430
Freeing 440
Freeing 450
Freeing 460
Freeing 470
Freeing 480
Freeing 490
Freeing 500
Freeing 510
Freeing 520
Freeing 530
Freeing 540
Freeing 550
Freeing 560
Freeing 570
Freeing 580
Freeing 590
Freeing 600
Freeing 610
Freeing 620
Freeing 630
Freeing 640
Freeing 650
Freeing 660
Freeing 670
Freeing 680
Freeing 690
Freeing 700
Freeing 710
Freeing 720
Freeing 730
Freeing 740
Freeing 750
Freeing 760
Freeing 770
Freeing 780
Freeing 790
Freeing 800
Freeing 810
Freeing 820
Freeing 830
Freeing 840
Freeing 850
Freeing 860
Freeing 870
Freeing 880
Freeing 890
Freeing 900
Freeing 910
Freeing 920
Freeing 930
Freeing 950
Freeing 990
Heap:
  @0: False()
 @10: True()
 @20: Undefined()
 @30: Environment(size=0)
 @40: EnvFrame(size=6)
 @41: ├─  @50 - Builtin(id=0)
 @42: ├─  @60 - Builtin(id=1)
 @43: ├─  @70 - Builtin(id=2)
 @44: ├─  @80 - Builtin(id=3)
 @45: ├─  @90 - Builtin(id=4)
 @46: └─ @100 - Builtin(id=5)
 @50: Builtin(id=0)
 @60: Builtin(id=1)
 @70: Builtin(id=2)
 @80: Builtin(id=3)
 @90: Builtin(id=4)
@100: Builtin(id=5)
@110: Environment(size=1)
@111: └─  @40 - EnvFrame(size=6)
@120: Blockframe()
@121: └─ @110 - Environment(size=1)
@130: EnvFrame(size=1)
@131: └─ @150 - Closure(arity=0, pc=3)
@140: Environment(size=2)
@141: ├─  @40 - EnvFrame(size=6)
@142: └─ @130 - EnvFrame(size=1)
@150: Closure(arity=0, pc=3)
@151: └─ @140 - Environment(size=2)
@160: Callframe(pc=32)
@161: └─ @140 - Environment(size=2)
@170: EnvFrame(size=0)
@180: Environment(size=3)
@181: ├─  @40 - EnvFrame(size=6)
@182: ├─ @130 - EnvFrame(size=1)
@183: └─ @170 - EnvFrame(size=0)
@190: Blockframe()
@191: └─ @180 - Environment(size=3)
@200: EnvFrame(size=1)
@201: └─ @990 - Number(value=13)
@210: Environment(size=4)
@211: ├─  @40 - EnvFrame(size=6)
@212: ├─ @130 - EnvFrame(size=1)
@213: ├─ @170 - EnvFrame(size=0)
@214: └─ @200 - EnvFrame(size=1)
@940: Number(value=12)
@960: Blockframe()
@961: └─ @210 - Environment(size=4)
@970: EnvFrame(size=0)
@980: Environment(size=5)
@981: ├─  @40 - EnvFrame(size=6)
@982: ├─ @130 - EnvFrame(size=1)
@983: ├─ @170 - EnvFrame(size=0)
@984: ├─ @200 - EnvFrame(size=1)
@985: └─ @970 - EnvFrame(size=0)
@990: Number(value=13)
Heap:
  @0: False()
 @10: True()
 @20: Undefined()
 @30: Environment(size=0)
 @40: EnvFrame(size=6)
 @41: ├─  @50 - Builtin(id=0)
 @42: ├─  @60 - Builtin(id=1)
 @43: ├─  @70 - Builtin(id=2)
 @44: ├─  @80 - Builtin(id=3)
 @45: ├─  @90 - Builtin(id=4)
 @46: └─ @100 - Builtin(id=5)
 @50: Builtin(id=0)
 @60: Builtin(id=1)
 @70: Builtin(id=2)
 @80: Builtin(id=3)
 @90: Builtin(id=4)
@100: Builtin(id=5)
@110: Environment(size=1)
@111: └─  @40 - EnvFrame(size=6)
@120: Blockframe()
@121: └─ @110 - Environment(size=1)
@130: EnvFrame(size=1)
@131: └─ @150 - Closure(arity=0, pc=3)
@140: Environment(size=2)
@141: ├─  @40 - EnvFrame(size=6)
@142: └─ @130 - EnvFrame(size=1)
@150: Closure(arity=0, pc=3)
@151: └─ @140 - Environment(size=2)
@160: Callframe(pc=32)
@161: └─ @140 - Environment(size=2)
@170: EnvFrame(size=0)
@180: Environment(size=3)
@181: ├─  @40 - EnvFrame(size=6)
@182: ├─ @130 - EnvFrame(size=1)
@183: └─ @170 - EnvFrame(size=0)
@190: Blockframe()
@191: └─ @180 - Environment(size=3)
@200: EnvFrame(size=1)
@201: └─ @890 - Number(value=14)
@210: Environment(size=4)
@211: ├─  @40 - EnvFrame(size=6)
@212: ├─ @130 - EnvFrame(size=1)
@213: ├─ @170 - EnvFrame(size=0)
@214: └─ @200 - EnvFrame(size=1)
@890: Number(value=14)
@900: Number(value=1)
@910: Environment(size=5)
@911: ├─  @40 - EnvFrame(size=6)
@912: ├─ @130 - EnvFrame(size=1)
@913: ├─ @170 - EnvFrame(size=0)
@914: ├─ @200 - EnvFrame(size=1)
@915: └─ @920 - EnvFrame(size=0)
@920: EnvFrame(size=0)
@930: Blockframe()
@931: └─ @210 - Environment(size=4)
@940: Number(value=12)
@950: Number(value=15)
@960: Blockframe()
@961: └─ @210 - Environment(size=4)
@970: EnvFrame(size=0)
@980: Environment(size=5)
@981: ├─  @40 - EnvFrame(size=6)
@982: ├─ @130 - EnvFrame(size=1)
@983: ├─ @170 - EnvFrame(size=0)
@984: ├─ @200 - EnvFrame(size=1)
@985: └─ @970 - EnvFrame(size=0)
@990: Number(value=13)
Heap:
  @0: False()
 @10: True()
 @20: Undefined()
 @30: Environment(size=0)
 @40: EnvFrame(size=6)
 @41: ├─  @50 - Builtin(id=0)
 @42: ├─  @60 - Builtin(id=1)
 @43: ├─  @70 - Builtin(id=2)
 @44: ├─  @80 - Builtin(id=3)
 @45: ├─  @90 - Builtin(id=4)
 @46: └─ @100 - Builtin(id=5)
 @50: Builtin(id=0)
 @60: Builtin(id=1)
 @70: Builtin(id=2)
 @80: Builtin(id=3)
 @90: Builtin(id=4)
@100: Builtin(id=5)
@110: Environment(size=1)
@111: └─  @40 - EnvFrame(size=6)
@120: Blockframe()
@121: └─ @110 - Environment(size=1)
@130: EnvFrame(size=1)
@131: └─ @150 - Closure(arity=0, pc=3)
@140: Environment(size=2)
@141: ├─  @40 - EnvFrame(size=6)
@142: └─ @130 - EnvFrame(size=1)
@150: Closure(arity=0, pc=3)
@151: └─ @140 - Environment(size=2)
@160: Callframe(pc=32)
@161: └─ @140 - Environment(size=2)
@170: EnvFrame(size=0)
@180: Environment(size=3)
@181: ├─  @40 - EnvFrame(size=6)
@182: ├─ @130 - EnvFrame(size=1)
@183: └─ @170 - EnvFrame(size=0)
@190: Blockframe()
@191: └─ @180 - Environment(size=3)
@200: EnvFrame(size=1)
@201: └─ @830 - Number(value=15)
@210: Environment(size=4)
@211: ├─  @40 - EnvFrame(size=6)
@212: ├─ @130 - EnvFrame(size=1)
@213: ├─ @170 - EnvFrame(size=0)
@214: └─ @200 - EnvFrame(size=1)
@830: Number(value=15)
@840: Number(value=1)
@850: Environment(size=5)
@851: ├─  @40 - EnvFrame(size=6)
@852: ├─ @130 - EnvFrame(size=1)
@853: ├─ @170 - EnvFrame(size=0)
@854: ├─ @200 - EnvFrame(size=1)
@855: └─ @860 - EnvFrame(size=0)
@860: EnvFrame(size=0)
@870: Blockframe()
@871: └─ @210 - Environment(size=4)
@880: Number(value=15)
@890: Number(value=14)
@900: Number(value=1)
@910: Environment(size=5)
@911: ├─  @40 - EnvFrame(size=6)
@912: ├─ @130 - EnvFrame(size=1)
@913: ├─ @170 - EnvFrame(size=0)
@914: ├─ @200 - EnvFrame(size=1)
@915: └─ @920 - EnvFrame(size=0)
@920: EnvFrame(size=0)
@930: Blockframe()
@931: └─ @210 - Environment(size=4)
@940: Number(value=12)
@950: Number(value=15)
@960: Blockframe()
@961: └─ @210 - Environment(size=4)
@970: EnvFrame(size=0)
@980: Environment(size=5)
@981: ├─  @40 - EnvFrame(size=6)
@982: ├─ @130 - EnvFrame(size=1)
@983: ├─ @170 - EnvFrame(size=0)
@984: ├─ @200 - EnvFrame(size=1)
@985: └─ @970 - EnvFrame(size=0)
@990: Number(value=13)
{ value: 15 }
