Heatmap Legend:
[107mv[0m - Values
[42mf[0m - Functions
[41mr[0m - Runtime Stack Frames (Callframes and Blockframes)
[104me[0m - Environments (Environment and EnvFrame)
  - Free Space

[107m v [0m[104me [0m[42m   f   [0m[104me[0m[41mr[0m[104me [0m[42mf[0m[41mr[0m[104me [0m[41mr[0m[104me [0m[107mv [0m[41mr[0m[104me [0m[107mv [0m                                                                      
[107m v [0m[104me [0m[42m   f   [0m[104me[0m[41mr[0m[104me [0m[42mf[0m[41mr[0m[104me [0m[41mr[0m[104me [0m[107mv [0m[41mr[0m[104me [0m[107m v [0m[41mr[0m[104me [0m[107mv [0m                                                                
[107m v [0m[104me [0m[42m   f   [0m[104me[0m[41mr[0m[104me [0m[42mf[0m[41mr[0m[104me [0m[41mr[0m[104me [0m[107mv [0m[41mr[0m[104me [0m[107m v [0m[41mr[0m[104me [0m[107m v [0m[41mr[0m[104me [0m[107mv [0m                                                          
[107m v [0m[104me [0m[42m   f   [0m[104me[0m[41mr[0m[104me [0m[42mf[0m[41mr[0m[104me [0m[41mr[0m[104me [0m[107mv [0m[41mr[0m[104me [0m[107m v [0m[41mr[0m[104me [0m[107m v [0m[41mr[0m[104me [0m[107m v [0m[41mr[0m[104me [0m[107mv [0m                                                    
[107m v [0m[104me [0m[42m   f   [0m[104me[0m[41mr[0m[104me [0m[42mf[0m[41mr[0m[104me [0m[41mr[0m[104me [0m[107mv [0m[41mr[0m[104me [0m[107m v [0m[41mr[0m[104me [0m[107m v [0m[41mr[0m[104me [0m[107m v [0m[41mr[0m[104me [0m[107m v [0m[41mr[0m[104me [0m[107mv [0m                                              
[107m v [0m[104me [0m[42m   f   [0m[104me[0m[41mr[0m[104me [0m[42mf[0m[41mr[0m[104me [0m[41mr[0m[104me [0m[107mv [0m[41mr[0m[104me [0m[107m v [0m[41mr[0m[104me [0m[107m v [0m[41mr[0m[104me [0m[107m v [0m[41mr[0m[104me [0m[107m v [0m[41mr[0m[104me [0m[107m v [0m[41mr[0m[104me [0m[107mv [0m                                        
[107m v [0m[104me [0m[42m   f   [0m[104me[0m[41mr[0m[104me [0m[42mf[0m[41mr[0m[104me [0m[41mr[0m[104me [0m[107mv [0m[41mr[0m[104me [0m[107m v [0m[41mr[0m[104me [0m[107m v [0m[41mr[0m[104me [0m[107m v [0m[41mr[0m[104me [0m[107m v [0m[41mr[0m[104me [0m[107m v [0m[41mr[0m[104me [0m[107m v [0m[41mr[0m[104me [0m[107mv [0m                                  
[107m v [0m[104me [0m[42m   f   [0m[104me[0m[41mr[0m[104me [0m[42mf[0m[41mr[0m[104me [0m[41mr[0m[104me [0m[107mv [0m[41mr[0m[104me [0m[107m v [0m[41mr[0m[104me [0m[107m v [0m[41mr[0m[104me [0m[107m v [0m[41mr[0m[104me [0m[107m v [0m[41mr[0m[104me [0m[107m v [0m[41mr[0m[104me [0m[107m v [0m[41mr[0m[104me [0m[107m v [0m[41mr[0m[104me [0m[107mv [0m                            
[107m v [0m[104me [0m[42m   f   [0m[104me[0m[41mr[0m[104me [0m[42mf[0m[41mr[0m[104me [0m[41mr[0m[104me [0m[107mv [0m[41mr[0m[104me [0m[107m v [0m[41mr[0m[104me [0m[107m v [0m[41mr[0m[104me [0m[107m v [0m[41mr[0m[104me [0m[107m v [0m[41mr[0m[104me [0m[107m v [0m[41mr[0m[104me [0m[107m v [0m[41mr[0m[104me [0m[107m v [0m[41mr[0m[104me [0m[107m v [0m[41mr[0m[104me [0m[107mv [0m                      
[107m v [0m[104me [0m[42m   f   [0m[104me[0m[41mr[0m[104me [0m[42mf[0m[41mr[0m[104me [0m[41mr[0m[104me [0m[107mv [0m[41mr[0m[104me [0m[107m v [0m[41mr[0m[104me [0m[107m v [0m[41mr[0m[104me [0m[107m v [0m[41mr[0m[104me [0m[107m v [0m[41mr[0m[104me [0m[107m v [0m[41mr[0m[104me [0m[107m v [0m[41mr[0m[104me [0m[107m v [0m[41mr[0m[104me [0m[107m v [0m[41mr[0m[104me [0m[107m v [0m[41mr[0m[104me [0m[107mv [0m                
[107m v [0m[104me [0m[42m   f   [0m[104me[0m[41mr[0m[104me [0m[42mf[0m[41mr[0m[104me [0m[41mr[0m[104me [0m[107mv [0m[41mr[0m[104me [0m[107m v [0m[41mr[0m[104me [0m[107m v [0m[41mr[0m[104me [0m[107m v [0m[41mr[0m[104me [0m[107m v [0m[41mr[0m[104me [0m[107m v [0m[41mr[0m[104me [0m[107m v [0m[41mr[0m[104me [0m[107m v [0m[41mr[0m[104me [0m[107m v [0m[41mr[0m[104me [0m[107m v [0m[41mr[0m[104me [0m[107m v [0m[41mr[0m[104me [0m[107mv [0m          
[107m v [0m[104me [0m[42m   f   [0m[104me[0m[41mr[0m[104me [0m[42mf[0m[41mr[0m[104me [0m[41mr[0m[104me [0m[107mv [0m[41mr[0m[104me [0m[107m v [0m[41mr[0m[104me [0m[107m v [0m[41mr[0m[104me [0m[107m v [0m[41mr[0m[104me [0m[107m v [0m[41mr[0m[104me [0m[107m v [0m[41mr[0m[104me [0m[107m v [0m[41mr[0m[104me [0m[107m v [0m[41mr[0m[104me [0m[107m v [0m[41mr[0m[104me [0m[107m v [0m[41mr[0m[104me [0m[107m v [0m[41mr[0m[104me [0m[107m v [0m[41mr[0m[104me [0m[107mv [0m    
[107m v [0m[104me [0m[42m   f   [0m[104me[0m[41mr[0m[104me [0m[42mf[0m[41mr[0m[104me [0m[41mr[0m[104me [0m                                                                       [107m v [0m[41mr[0m[104me [0m
[107m v [0m[104me [0m[42m   f   [0m[104me[0m[41mr[0m[104me [0m[42mf[0m[41mr[0m[104me [0m[41mr[0m[104me [0m                                                                 [107mv [0m[104me [0m[41mr[0m[107m v  [0m[41mr[0m[104me [0m
[107m v [0m[104me [0m[42m   f   [0m[104me[0m[41mr[0m[104me [0m[42mf[0m[41mr[0m[104me [0m[41mr[0m[104me [0m                                                           [107mv [0m[104me [0m[41mr[0m[107m v [0m[104me [0m[41mr[0m[107m v  [0m[41mr[0m[104me [0m
{ value: 15 }
