+---------------+
| operand stack |
+---------------+

+---------------+
| operand stack |
+---------------+

+---------------+
| operand stack |
+---------------+
| "Closure@160" |
+---------------+

+---------------+
| operand stack |
+---------------+
| "Closure@160" |
+---------------+

+---------------+
| operand stack |
+---------------+
| "Closure@160" |
+---------------+

+---------------+
| operand stack |
+---------------+

+---------------+
| operand stack |
+---------------+
| "Closure@170" |
+---------------+

+---------------+
| operand stack |
+---------------+
| "Closure@170" |
+---------------+

+---------------+
| operand stack |
+---------------+
| "Closure@170" |
+---------------+

+---------------+
| operand stack |
+---------------+

+---------------+
| operand stack |
+---------------+
| "Closure@170" |
+---------------+

+---------------+
| operand stack |
+---------------+

+---------------+
| operand stack |
+---------------+

+---------------+
| operand stack |
+---------------+
| 1             |
+---------------+

+---------------+
| operand stack |
+---------------+
| 3             |
+---------------+
| 1             |
+---------------+

+---------------+
| operand stack |
+---------------+
| 4             |
+---------------+

+---------------+
| operand stack |
+---------------+
| 5             |
+---------------+
| 4             |
+---------------+

+---------------+
| operand stack |
+---------------+
| 14            |
+---------------+
| 5             |
+---------------+
| 4             |
+---------------+

+---------------------+
| operand stack       |
+---------------------+
| 0.35714285714285715 |
+---------------------+
| 4                   |
+---------------------+

+---------------------+
| operand stack       |
+---------------------+
| 331                 |
+---------------------+
| 0.35714285714285715 |
+---------------------+
| 4                   |
+---------------------+

+--------------------+
| operand stack      |
+--------------------+
| 118.21428571428572 |
+--------------------+
| 4                  |
+--------------------+

+---------------------+
| operand stack       |
+---------------------+
| -114.21428571428572 |
+---------------------+

+---------------------+
| operand stack       |
+---------------------+
| 12                  |
+---------------------+
| -114.21428571428572 |
+---------------------+

+---------------------+
| operand stack       |
+---------------------+
| 212                 |
+---------------------+
| 12                  |
+---------------------+
| -114.21428571428572 |
+---------------------+

+---------------------+
| operand stack       |
+---------------------+
| 0.05660377358490566 |
+---------------------+
| -114.21428571428572 |
+---------------------+

+---------------------+
| operand stack       |
+---------------------+
| -114.15768194070081 |
+---------------------+

+---------------------+
| operand stack       |
+---------------------+
| -114.15768194070081 |
+---------------------+

+---------------+
| operand stack |
+---------------+

+---------------+
| operand stack |
+---------------+
| "today "      |
+---------------+

+---------------+
| operand stack |
+---------------+
| "is "         |
+---------------+
| "today "      |
+---------------+

+---------------+
| operand stack |
+---------------+
| "today is "   |
+---------------+

+---------------+
| operand stack |
+---------------+
| "a "          |
+---------------+
| "today is "   |
+---------------+

+---------------+
| operand stack |
+---------------+
| "today is a " |
+---------------+

+---------------+
| operand stack |
+---------------+
| "good day"    |
+---------------+
| "today is a " |
+---------------+

+-----------------------+
| operand stack         |
+-----------------------+
| "today is a good day" |
+-----------------------+

+-----------------------+
| operand stack         |
+-----------------------+
| "today is a good day" |
+-----------------------+

+---------------+
| operand stack |
+---------------+

+---------------+
| operand stack |
+---------------+
| 1             |
+---------------+

+---------------+
| operand stack |
+---------------+
| 1             |
+---------------+

+---------------+
| operand stack |
+---------------+
| 1             |
+---------------+

{ value: 1 }
