Runtime Stack (top = top of stack, bottom = bottom of stack):
Blockframe()
└─ @700 - Environment(size=5)
    └─ @710 - String(value=now inside the if statement)

Blockframe()
└─ @660 - Environment(size=4)

Blockframe()
└─ @630 - Environment(size=3)
    └─ @600 - Number(value=1)

Callframe(pc=29)
└─ @570 - Environment(size=4)

Blockframe()
└─ @540 - Environment(size=3)
    └─ @510 - Number(value=2)

Callframe(pc=29)
└─ @480 - Environment(size=4)

Blockframe()
└─ @450 - Environment(size=3)
    └─ @420 - Number(value=3)

Callframe(pc=29)
└─ @390 - Environment(size=4)

Blockframe()
└─ @360 - Environment(size=3)
    └─ @330 - Number(value=4)

Callframe(pc=29)
└─ @300 - Environment(size=4)

Blockframe()
└─ @270 - Environment(size=3)
    └─ @240 - Number(value=5)

Callframe(pc=42)
└─ @230 - Environment(size=4)

Blockframe()
└─ @200 - Environment(size=3)

Callframe(pc=50)
└─ @150 - Environment(size=2)
    ├─ @160 - Closure(arity=1, pc=3)
    └─ @170 - Closure(arity=0, pc=38)

Blockframe()
└─ @120 - Environment(size=1)
    ├─  @50 - Builtin(id=0)
    ├─  @60 - Builtin(id=1)
    ├─  @70 - Builtin(id=2)
    ├─  @80 - Builtin(id=3)
    ├─  @90 - Builtin(id=4)
    ├─ @100 - Builtin(id=5)
    └─ @110 - Builtin(id=6)
{ value: 1 }
