Heap:
  @0: False()
 @10: True()
 @20: Undefined()
 @30: Environment(size=0)
 @40: EnvFrame(size=7)
 @41: ├─  @50 - Builtin(id=0)
 @42: ├─  @60 - Builtin(id=1)
 @43: ├─  @70 - Builtin(id=2)
 @44: ├─  @80 - Builtin(id=3)
 @45: ├─  @90 - Builtin(id=4)
 @46: ├─ @100 - Builtin(id=5)
 @47: └─ @110 - Builtin(id=6)
 @50: Builtin(id=0)
 @60: Builtin(id=1)
 @70: Builtin(id=2)
 @80: Builtin(id=3)
 @90: Builtin(id=4)
@100: Builtin(id=5)
@110: Builtin(id=6)
@120: Environment(size=1)
@121: └─  @40 - EnvFrame(size=7)
@130: Blockframe()
@131: └─ @120 - Environment(size=1)
@140: EnvFrame(size=2)
@141: ├─ @160 - Closure(arity=2, pc=3)
@142: └─ @170 - Closure(arity=0, pc=14)
@150: Environment(size=2)
@151: ├─  @40 - EnvFrame(size=7)
@152: └─ @140 - EnvFrame(size=2)
@160: Closure(arity=2, pc=3)
@161: └─ @150 - Environment(size=2)
@170: Closure(arity=0, pc=14)
@171: └─ @150 - Environment(size=2)
@180: Callframe(pc=48)
@181: └─ @150 - Environment(size=2)
@190: EnvFrame(size=0)
@200: Environment(size=3)
@201: ├─  @40 - EnvFrame(size=7)
@202: ├─ @140 - EnvFrame(size=2)
@203: └─ @190 - EnvFrame(size=0)
@210: Blockframe()
@211: └─ @200 - Environment(size=3)
@220: EnvFrame(size=1)
@221: └─ @250 - BufferedChannel(size=5)
@230: Environment(size=4)
@231: ├─  @40 - EnvFrame(size=7)
@232: ├─ @140 - EnvFrame(size=2)
@233: ├─ @190 - EnvFrame(size=0)
@234: └─ @220 - EnvFrame(size=1)
@240: Number(value=5)
@250: BufferedChannel(size=5)
@251: ├─ @260 - Number(value=1)
@252: ├─ @320 - Number(value=2)
@253: └─ @350 - Number(value=3)
@260: Number(value=1)
@270: EnvFrame(size=2)
@271: ├─ @250 - BufferedChannel(size=5)
@272: └─ @260 - Number(value=1)
@280: Environment(size=3)
@281: ├─  @40 - EnvFrame(size=7)
@282: ├─ @140 - EnvFrame(size=2)
@283: └─ @270 - EnvFrame(size=2)
@290: Blockframe()
@291: └─ @280 - Environment(size=3)
@300: EnvFrame(size=0)
@310: Environment(size=4)
@311: ├─  @40 - EnvFrame(size=7)
@312: ├─ @140 - EnvFrame(size=2)
@313: ├─ @270 - EnvFrame(size=2)
@314: └─ @300 - EnvFrame(size=0)
@320: Number(value=2)
@330: EnvFrame(size=2)
@331: ├─ @250 - BufferedChannel(size=5)
@332: └─ @320 - Number(value=2)
@340: Environment(size=3)
@341: ├─  @40 - EnvFrame(size=7)
@342: ├─ @140 - EnvFrame(size=2)
@343: └─ @330 - EnvFrame(size=2)
@350: Number(value=3)
@360: EnvFrame(size=2)
@361: ├─ @250 - BufferedChannel(size=5)
@362: └─ @350 - Number(value=3)
@370: Environment(size=3)
@371: ├─  @40 - EnvFrame(size=7)
@372: ├─ @140 - EnvFrame(size=2)
@373: └─ @360 - EnvFrame(size=2)
@380: Number(value=10)
@390: Blockframe()
@391: └─ @340 - Environment(size=3)
@400: EnvFrame(size=0)
@410: Environment(size=4)
@411: ├─  @40 - EnvFrame(size=7)
@412: ├─ @140 - EnvFrame(size=2)
@413: ├─ @330 - EnvFrame(size=2)
@414: └─ @400 - EnvFrame(size=0)
@420: Blockframe()
@421: └─ @370 - Environment(size=3)
@430: EnvFrame(size=0)
@440: Environment(size=4)
@441: ├─  @40 - EnvFrame(size=7)
@442: ├─ @140 - EnvFrame(size=2)
@443: ├─ @360 - EnvFrame(size=2)
@444: └─ @430 - EnvFrame(size=0)
{ value: undefined }
