Heap:
  @0: False()
 @10: True()
 @20: Undefined()
 @30: Environment(size=0)
 @40: EnvFrame(size=7)
 @41: ├─  @50 - Builtin(id=0)
 @42: ├─  @60 - Builtin(id=1)
 @43: ├─  @70 - Builtin(id=2)
 @44: ├─  @80 - Builtin(id=3)
 @45: ├─  @90 - Builtin(id=4)
 @46: ├─ @100 - Builtin(id=5)
 @47: └─ @110 - Builtin(id=6)
 @50: Builtin(id=0)
 @60: Builtin(id=1)
 @70: Builtin(id=2)
 @80: Builtin(id=3)
 @90: Builtin(id=4)
@100: Builtin(id=5)
@110: Builtin(id=6)
@120: Environment(size=1)
@121: └─  @40 - EnvFrame(size=7)
@130: Blockframe()
@131: └─ @120 - Environment(size=1)
@140: EnvFrame(size=1)
@141: └─ @160 - Closure(arity=0, pc=3)
@150: Environment(size=2)
@151: ├─  @40 - EnvFrame(size=7)
@152: └─ @140 - EnvFrame(size=1)
@160: Closure(arity=0, pc=3)
@161: └─ @150 - Environment(size=2)
@170: Callframe(pc=45)
@171: └─ @150 - Environment(size=2)
@180: EnvFrame(size=0)
@190: Environment(size=3)
@191: ├─  @40 - EnvFrame(size=7)
@192: ├─ @140 - EnvFrame(size=1)
@193: └─ @180 - EnvFrame(size=0)
@200: Blockframe()
@201: └─ @190 - Environment(size=3)
@210: EnvFrame(size=7)
@211: ├─ @230 - Number(value=1)
@212: ├─ @240 - String(value=hello world)
@213: ├─   @0 - False()
@214: ├─ @260 - Channel(value=20)
@215: ├─ @280 - BufferedChannel(size=5)
@216: ├─ @290 - Mutex(is_available=false)
@217: └─ @300 - WaitGroup(value=8)
@220: Environment(size=4)
@221: ├─  @40 - EnvFrame(size=7)
@222: ├─ @140 - EnvFrame(size=1)
@223: ├─ @180 - EnvFrame(size=0)
@224: └─ @210 - EnvFrame(size=7)
@230: Number(value=1)
@240: String(value=hello world)
@250: Number(value=0)
@260: Channel(value=20)
@270: Number(value=5)
@280: BufferedChannel(size=5)
@290: Mutex(is_available=false)
@300: WaitGroup(value=8)
@310: Number(value=8)
{ value: undefined }
