Environment (top = global frame, bottom = current frame):
Environment(size=4)
├─ EnvFrame(size=7)
│  ├─  @50 - Builtin(id=0)
│  ├─  @60 - Builtin(id=1)
│  ├─  @70 - Builtin(id=2)
│  ├─  @80 - Builtin(id=3)
│  ├─  @90 - Builtin(id=4)
│  ├─ @100 - Builtin(id=5)
│  └─ @110 - Builtin(id=6)
├─ EnvFrame(size=1)
│  └─ @160 - Closure(arity=0, pc=3)
├─ EnvFrame(size=0)
└─ EnvFrame(size=5)
   ├─ @230 - Number(value=1)
   ├─ @240 - String(value=hello world)
   ├─   @0 - False()
   ├─ @250 - Mutex(is_available=false)
   └─ @260 - WaitGroup(value=8)
{ value: undefined }
